[2025-05-13T11:14:12.006+0000] {local_task_job_runner.py:120} INFO - ::group::Pre task execution logs
[2025-05-13T11:14:12.038+0000] {taskinstance.py:2076} INFO - Dependencies all met for dep_context=non-requeueable deps ti=<TaskInstance: inflation_forecasting.fetch_crude_oil manual__2025-05-13T11:14:08.207204+00:00 [queued]>
[2025-05-13T11:14:12.046+0000] {taskinstance.py:2076} INFO - Dependencies all met for dep_context=requeueable deps ti=<TaskInstance: inflation_forecasting.fetch_crude_oil manual__2025-05-13T11:14:08.207204+00:00 [queued]>
[2025-05-13T11:14:12.048+0000] {taskinstance.py:2306} INFO - Starting attempt 1 of 1
[2025-05-13T11:14:12.065+0000] {taskinstance.py:2330} INFO - Executing <Task(PythonOperator): fetch_crude_oil> on 2025-05-13 11:14:08.207204+00:00
[2025-05-13T11:14:12.075+0000] {logging_mixin.py:188} WARNING - /home/***/.local/lib/python3.12/site-packages/***/task/task_runner/standard_task_runner.py:61 DeprecationWarning: This process (pid=796) is multi-threaded, use of fork() may lead to deadlocks in the child.
[2025-05-13T11:14:12.077+0000] {standard_task_runner.py:63} INFO - Started process 810 to run task
[2025-05-13T11:14:12.081+0000] {standard_task_runner.py:90} INFO - Running: ['***', 'tasks', 'run', 'inflation_forecasting', 'fetch_crude_oil', 'manual__2025-05-13T11:14:08.207204+00:00', '--job-id', '75', '--raw', '--subdir', 'DAGS_FOLDER/inflation_forecasting_dag.py', '--cfg-path', '/tmp/tmp7cz1a9ev']
[2025-05-13T11:14:12.084+0000] {standard_task_runner.py:91} INFO - Job 75: Subtask fetch_crude_oil
[2025-05-13T11:14:12.105+0000] {logging_mixin.py:188} WARNING - /home/***/.local/lib/python3.12/site-packages/***/settings.py:195 DeprecationWarning: The sql_alchemy_conn option in [core] has been moved to the sql_alchemy_conn option in [database] - the old setting has been used, but please update your config.
[2025-05-13T11:14:12.164+0000] {task_command.py:426} INFO - Running <TaskInstance: inflation_forecasting.fetch_crude_oil manual__2025-05-13T11:14:08.207204+00:00 [running]> on host 8a3d4df41882
[2025-05-13T11:14:12.270+0000] {taskinstance.py:2648} INFO - Exporting env vars: AIRFLOW_CTX_DAG_OWNER='***' AIRFLOW_CTX_DAG_ID='inflation_forecasting' AIRFLOW_CTX_TASK_ID='fetch_crude_oil' AIRFLOW_CTX_EXECUTION_DATE='2025-05-13T11:14:08.207204+00:00' AIRFLOW_CTX_TRY_NUMBER='1' AIRFLOW_CTX_DAG_RUN_ID='manual__2025-05-13T11:14:08.207204+00:00'
[2025-05-13T11:14:12.272+0000] {taskinstance.py:430} INFO - ::endgroup::
[2025-05-13T11:14:15.222+0000] {taskinstance.py:441} INFO - ::group::Post task execution logs
[2025-05-13T11:14:15.223+0000] {taskinstance.py:2905} ERROR - Task failed with exception
Traceback (most recent call last):
  File "offsets.pyx", line 4447, in pandas._libs.tslibs.offsets._get_offset
KeyError: 'ME'

The above exception was the direct cause of the following exception:

Traceback (most recent call last):
  File "offsets.pyx", line 4549, in pandas._libs.tslibs.offsets.to_offset
  File "offsets.pyx", line 4453, in pandas._libs.tslibs.offsets._get_offset
ValueError: Invalid frequency: ME

The above exception was the direct cause of the following exception:

Traceback (most recent call last):
  File "/home/airflow/.local/lib/python3.12/site-packages/airflow/models/taskinstance.py", line 465, in _execute_task
    result = _execute_callable(context=context, **execute_callable_kwargs)
             ^^^^^^^^^^^^^^^^^^^^^^^^^^^^^^^^^^^^^^^^^^^^^^^^^^^^^^^^^^^^^
  File "/home/airflow/.local/lib/python3.12/site-packages/airflow/models/taskinstance.py", line 432, in _execute_callable
    return execute_callable(context=context, **execute_callable_kwargs)
           ^^^^^^^^^^^^^^^^^^^^^^^^^^^^^^^^^^^^^^^^^^^^^^^^^^^^^^^^^^^^
  File "/home/airflow/.local/lib/python3.12/site-packages/airflow/models/baseoperator.py", line 400, in wrapper
    return func(self, *args, **kwargs)
           ^^^^^^^^^^^^^^^^^^^^^^^^^^^
  File "/home/airflow/.local/lib/python3.12/site-packages/airflow/operators/python.py", line 235, in execute
    return_value = self.execute_callable()
                   ^^^^^^^^^^^^^^^^^^^^^^^
  File "/home/airflow/.local/lib/python3.12/site-packages/airflow/operators/python.py", line 252, in execute_callable
    return self.python_callable(*self.op_args, **self.op_kwargs)
           ^^^^^^^^^^^^^^^^^^^^^^^^^^^^^^^^^^^^^^^^^^^^^^^^^^^^^
  File "/opt/airflow/dags/inflation_modules/ingest.py", line 41, in fetch_fred
    df = df.resample('ME').last()
         ^^^^^^^^^^^^^^^^^
  File "/home/airflow/.local/lib/python3.12/site-packages/pandas/core/generic.py", line 9439, in resample
    return get_resampler(
           ^^^^^^^^^^^^^^
  File "/home/airflow/.local/lib/python3.12/site-packages/pandas/core/resample.py", line 1969, in get_resampler
    tg = TimeGrouper(**kwds)
         ^^^^^^^^^^^^^^^^^^^
  File "/home/airflow/.local/lib/python3.12/site-packages/pandas/core/resample.py", line 2046, in __init__
    freq = to_offset(freq)
           ^^^^^^^^^^^^^^^
  File "offsets.pyx", line 4460, in pandas._libs.tslibs.offsets.to_offset
  File "offsets.pyx", line 4557, in pandas._libs.tslibs.offsets.to_offset
ValueError: Invalid frequency: ME
[2025-05-13T11:14:15.240+0000] {taskinstance.py:1206} INFO - Marking task as FAILED. dag_id=inflation_forecasting, task_id=fetch_crude_oil, run_id=manual__2025-05-13T11:14:08.207204+00:00, execution_date=20250513T111408, start_date=20250513T111412, end_date=20250513T111415
[2025-05-13T11:14:15.253+0000] {standard_task_runner.py:110} ERROR - Failed to execute job 75 for task fetch_crude_oil (Invalid frequency: ME; 810)
[2025-05-13T11:14:15.267+0000] {local_task_job_runner.py:240} INFO - Task exited with return code 1
[2025-05-13T11:14:15.291+0000] {taskinstance.py:3498} INFO - 0 downstream tasks scheduled from follow-on schedule check
[2025-05-13T11:14:15.296+0000] {local_task_job_runner.py:222} INFO - ::endgroup::
