[2025-06-14T17:15:22.340+0000] {local_task_job_runner.py:120} INFO - ::group::Pre task execution logs
[2025-06-14T17:15:22.368+0000] {taskinstance.py:2076} INFO - Dependencies all met for dep_context=non-requeueable deps ti=<TaskInstance: usdpkr_forecasting_modular.prepare_data manual__2025-06-14T17:15:03.124026+00:00 [queued]>
[2025-06-14T17:15:22.377+0000] {taskinstance.py:2076} INFO - Dependencies all met for dep_context=requeueable deps ti=<TaskInstance: usdpkr_forecasting_modular.prepare_data manual__2025-06-14T17:15:03.124026+00:00 [queued]>
[2025-06-14T17:15:22.377+0000] {taskinstance.py:2306} INFO - Starting attempt 1 of 4
[2025-06-14T17:15:22.393+0000] {taskinstance.py:2330} INFO - Executing <Task(PythonOperator): prepare_data> on 2025-06-14 17:15:03.124026+00:00
[2025-06-14T17:15:22.400+0000] {standard_task_runner.py:63} INFO - Started process 1136 to run task
[2025-06-14T17:15:22.402+0000] {standard_task_runner.py:90} INFO - Running: ['***', 'tasks', 'run', 'usdpkr_forecasting_modular', 'prepare_data', 'manual__2025-06-14T17:15:03.124026+00:00', '--job-id', '416', '--raw', '--subdir', 'DAGS_FOLDER/usdpkr_forecasting_dag.py', '--cfg-path', '/tmp/tmp8yoysg0l']
[2025-06-14T17:15:22.405+0000] {standard_task_runner.py:91} INFO - Job 416: Subtask prepare_data
[2025-06-14T17:15:22.449+0000] {task_command.py:426} INFO - Running <TaskInstance: usdpkr_forecasting_modular.prepare_data manual__2025-06-14T17:15:03.124026+00:00 [running]> on host 1ada37a5d2dc
[2025-06-14T17:15:22.539+0000] {taskinstance.py:2648} INFO - Exporting env vars: AIRFLOW_CTX_DAG_OWNER='***' AIRFLOW_CTX_DAG_ID='usdpkr_forecasting_modular' AIRFLOW_CTX_TASK_ID='prepare_data' AIRFLOW_CTX_EXECUTION_DATE='2025-06-14T17:15:03.124026+00:00' AIRFLOW_CTX_TRY_NUMBER='1' AIRFLOW_CTX_DAG_RUN_ID='manual__2025-06-14T17:15:03.124026+00:00'
[2025-06-14T17:15:22.541+0000] {taskinstance.py:430} INFO - ::endgroup::
[2025-06-14T17:15:22.554+0000] {transform.py:370} INFO - Loading DataFrame from path: /opt/***/data/raw/engineered_features.csv
[2025-06-14T17:15:22.592+0000] {python.py:237} INFO - Done. Returned value was: (Empty DataFrame
Columns: [OIL, FOREX_RESERVES, INFLATION_YOY, GOLD, INTEREST_RATE, KSE100, M2, YEAR, MONTH, QUARTER, MONTH_SIN, MONTH_COS, USDPKR_diff, REAL_INTEREST, OIL_IN_PKR, KSE100_lag1, KSE100_lag3, KSE100_lag12, INFLATION_YOY_lag1, INFLATION_YOY_lag3, INFLATION_YOY_lag12, INTEREST_RATE_lag1, INTEREST_RATE_lag3, INTEREST_RATE_lag12, USDPKR_lag1, USDPKR_lag3, USDPKR_lag12, OIL_lag1, OIL_lag3, OIL_lag12, FOREX_RESERVES_lag1, FOREX_RESERVES_lag3, FOREX_RESERVES_lag12, GOLD_lag1, GOLD_lag3, GOLD_lag12, M2_lag1, M2_lag3, M2_lag12, KSE100_roll_mean3, KSE100_roll_std3, OIL_roll_mean3, OIL_roll_std3, GOLD_roll_mean3, GOLD_roll_std3]
Index: [], Series([], Name: USDPKR, dtype: object), '/opt/***/data/models/selected_features.csv', '/opt/***/data/models/train_test_data.csv')
[2025-06-14T17:15:22.595+0000] {taskinstance.py:441} INFO - ::group::Post task execution logs
[2025-06-14T17:15:22.616+0000] {xcom.py:675} ERROR - Object of type tuple is not JSON serializable. If you are using pickle instead of JSON for XCom, then you need to enable pickle support for XCom in your *** config or make sure to decorate your object with attr.
[2025-06-14T17:15:22.617+0000] {taskinstance.py:2905} ERROR - Task failed with exception
Traceback (most recent call last):
  File "/home/airflow/.local/lib/python3.12/site-packages/airflow/utils/json.py", line 91, in default
    return serialize(o)
           ^^^^^^^^^^^^
  File "/home/airflow/.local/lib/python3.12/site-packages/airflow/serialization/serde.py", line 150, in serialize
    return encode(classname or serialized_classname, version, serialize(data, depth + 1))
                                                              ^^^^^^^^^^^^^^^^^^^^^^^^^^
  File "/home/airflow/.local/lib/python3.12/site-packages/airflow/serialization/serde.py", line 127, in serialize
    return [serialize(d, depth + 1) for d in o]
            ^^^^^^^^^^^^^^^^^^^^^^^
  File "/home/airflow/.local/lib/python3.12/site-packages/airflow/serialization/serde.py", line 189, in serialize
    raise TypeError(f"cannot serialize object of type {cls}")
TypeError: cannot serialize object of type <class 'pandas.core.series.Series'>

During handling of the above exception, another exception occurred:

Traceback (most recent call last):
  File "/home/airflow/.local/lib/python3.12/site-packages/airflow/models/taskinstance.py", line 486, in _execute_task
    task_instance.xcom_push(key=XCOM_RETURN_KEY, value=xcom_value, session=session)
  File "/home/airflow/.local/lib/python3.12/site-packages/airflow/utils/session.py", line 76, in wrapper
    return func(*args, **kwargs)
           ^^^^^^^^^^^^^^^^^^^^^
  File "/home/airflow/.local/lib/python3.12/site-packages/airflow/models/taskinstance.py", line 3197, in xcom_push
    XCom.set(
  File "/home/airflow/.local/lib/python3.12/site-packages/airflow/utils/session.py", line 76, in wrapper
    return func(*args, **kwargs)
           ^^^^^^^^^^^^^^^^^^^^^
  File "/home/airflow/.local/lib/python3.12/site-packages/airflow/models/xcom.py", line 246, in set
    value = cls.serialize_value(
            ^^^^^^^^^^^^^^^^^^^^
  File "/home/airflow/.local/lib/python3.12/site-packages/airflow/models/xcom.py", line 673, in serialize_value
    return json.dumps(value, cls=XComEncoder).encode("UTF-8")
           ^^^^^^^^^^^^^^^^^^^^^^^^^^^^^^^^^^
  File "/usr/local/lib/python3.12/json/__init__.py", line 238, in dumps
    **kw).encode(obj)
          ^^^^^^^^^^^
  File "/home/airflow/.local/lib/python3.12/site-packages/airflow/utils/json.py", line 102, in encode
    o = self.default(o)
        ^^^^^^^^^^^^^^^
  File "/home/airflow/.local/lib/python3.12/site-packages/airflow/utils/json.py", line 93, in default
    return super().default(o)
           ^^^^^^^^^^^^^^^^^^
  File "/usr/local/lib/python3.12/json/encoder.py", line 180, in default
    raise TypeError(f'Object of type {o.__class__.__name__} '
TypeError: Object of type tuple is not JSON serializable
[2025-06-14T17:15:22.630+0000] {taskinstance.py:1206} INFO - Marking task as UP_FOR_RETRY. dag_id=usdpkr_forecasting_modular, task_id=prepare_data, run_id=manual__2025-06-14T17:15:03.124026+00:00, execution_date=20250614T171503, start_date=20250614T171522, end_date=20250614T171522
[2025-06-14T17:15:22.640+0000] {standard_task_runner.py:110} ERROR - Failed to execute job 416 for task prepare_data (Object of type tuple is not JSON serializable; 1136)
[2025-06-14T17:15:22.656+0000] {local_task_job_runner.py:240} INFO - Task exited with return code 1
[2025-06-14T17:15:22.679+0000] {taskinstance.py:3498} INFO - 0 downstream tasks scheduled from follow-on schedule check
[2025-06-14T17:15:22.681+0000] {local_task_job_runner.py:222} INFO - ::endgroup::
